2025-08-23 20:30:11 [OK] Backup created: Rick_MK2_backup_2025-08-23_20-30.zip
2025-08-23 20:34:03 [OK] Backup created: Rick_MK2_backup_2025-08-23_20-34.zip
2025-08-23 20:36:25 [OK] Backup created: Rick_MK2_backup_2025-08-23_20-36.zip
2025-08-23 20:36:25 [OK] Backup created: Rick_MK2_backup_2025-08-23_20-36.zip
2025-08-23 20:36:25 [OK] Backup created: Rick_MK2_backup_2025-08-23_20-36.zip
2025-08-23 20:37:16 [OK] Backup created: Rick_MK2_backup_2025-08-23_20-37.zip
2025-08-23 20:37:17 [OK] Backup created: Rick_MK2_backup_2025-08-23_20-37.zip
2025-08-23 20:37:17 [OK] Backup created: Rick_MK2_backup_2025-08-23_20-37.zip
2025-08-23 20:37:17 [OK] Backup created: Rick_MK2_backup_2025-08-23_20-37.zip
2025-08-23 20:50:04 [INFO] Backup complete: Rick_MK2_backup_2025-08-23_20-50-03.zip
2025-08-23 20:50:06 [INFO] Backup complete: Rick_MK2_backup_2025-08-23_20-50-06.zip
2025-08-23 20:50:06 [INFO] Deleted old backup: Rick_MK2_backup_2025-08-23_19-54.zip
2025-08-23 20:50:06 [INFO] Auto-backup created: Rick_MK2_PRE_RESTORE_2025-08-23_20-50-06.zip
2025-08-23 20:53:19 [INFO] Backup complete: .\Rick_MK2_backup_2025-08-23_20-53-19.zip
2025-08-23 20:53:19 [INFO] Deleted old backup: Rick_MK2_backup_2025-08-23_20-34.zip
2025-08-23 20:53:19 [INFO] Deleted old backup: Rick_MK2_backup_2025-08-23_20-30.zip
2025-08-23 20:53:19 [INFO] Deleted old backup: Rick_MK2_backup_2025-08-23_20-13.zip
2025-08-23 20:53:19 [INFO] Deleted old backup: Rick_MK2_backup_2025-08-23_20-12.zip
2025-08-23 20:53:19 [INFO] Deleted old backup: Rick_MK2_backup_2025-08-23_20-11.zip
2025-08-23 20:53:19 [INFO] Deleted old backup: Rick_MK2_backup_2025-08-23_20-09.zip
